2025-06-25 01:45:50,388 - INFO - Loop principal...
2025-06-25 01:45:50,389 - INFO - Verificando notícias...
2025-06-25 01:51:36,199 - INFO - Loop principal...
2025-06-25 01:51:36,200 - INFO - Verificando notícias...
2025-06-25 01:55:04,688 - INFO - Loop principal...
2025-06-25 01:55:04,689 - INFO - Verificando notícias...
2025-06-25 01:56:27,427 - INFO - Loop principal...
2025-06-25 01:56:27,428 - INFO - Verificando notícias...
2025-06-25 01:56:32,273 - INFO - Esperando próximo ciclo...
2025-06-25 02:01:32,274 - INFO - Loop principal...
2025-06-25 02:01:32,276 - INFO - Verificando notícias...
2025-06-25 02:01:49,450 - INFO - Esperando próximo ciclo...
2025-06-25 02:06:49,452 - INFO - Loop principal...
2025-06-25 02:06:49,453 - INFO - Verificando notícias...
2025-06-25 02:06:57,305 - INFO - Esperando próximo ciclo...
2025-06-25 02:11:57,306 - INFO - Loop principal...
2025-06-25 02:11:57,307 - INFO - Verificando notícias...
2025-06-25 02:12:03,523 - INFO - Esperando próximo ciclo...
2025-06-25 02:17:03,524 - INFO - Loop principal...
2025-06-25 02:17:03,525 - INFO - Verificando notícias...
2025-06-25 02:17:10,688 - INFO - Esperando próximo ciclo...
2025-06-25 02:30:04,034 - INFO - Treinando modelo de ML com dados dos últimos 7 dias...
2025-06-25 02:30:04,035 - INFO - Nenhum dado disponível para treinar!
2025-06-25 02:30:04,036 - INFO - Loop principal...
2025-06-25 02:30:04,037 - INFO - Verificando notícias...
2025-06-25 02:31:54,526 - INFO - Treinando modelo de ML com dados dos últimos 7 dias...
2025-06-25 02:31:54,528 - INFO - Nenhum dado disponível para treinar!
2025-06-25 02:31:54,529 - INFO - Loop principal...
2025-06-25 02:31:54,529 - INFO - Verificando notícias...
2025-06-25 02:34:55,900 - INFO - Treinando modelo de ML com dados dos últimos 7 dias...
2025-06-25 02:34:55,902 - INFO - Nenhum dado disponível para treinar!
2025-06-25 02:34:55,903 - INFO - Loop principal...
2025-06-25 02:34:55,904 - INFO - Verificando notícias...
2025-06-25 02:36:52,973 - INFO - Treinando modelo de ML com dados dos últimos 7 dias...
2025-06-25 02:36:52,975 - INFO - Nenhum dado disponível para treinar!
2025-06-25 02:36:52,976 - INFO - Loop principal...
2025-06-25 02:36:52,977 - INFO - Verificando notícias...
2025-06-25 02:38:19,285 - INFO - Treinando modelo de ML com dados dos últimos 7 dias...
2025-06-25 02:38:19,286 - INFO - Nenhum dado disponível para treinar!
2025-06-25 02:38:19,287 - INFO - Loop principal...
2025-06-25 02:38:19,288 - INFO - Verificando notícias...
2025-06-25 02:38:24,389 - INFO - Esperando próximo ciclo...
2025-06-25 02:41:08,285 - INFO - Treinando modelo de ML com dados dos últimos 7 dias...
2025-06-25 02:41:08,286 - INFO - Nenhum dado disponível para treinar!
2025-06-25 02:41:08,287 - INFO - Loop principal...
2025-06-25 02:41:08,287 - INFO - Verificando notícias...
2025-06-25 02:41:14,011 - INFO - Esperando próximo ciclo...
2025-06-25 02:44:15,825 - INFO - Treinando modelo de ML com dados dos últimos 7 dias...
2025-06-25 02:44:15,827 - INFO - Nenhum dado disponível para treinar!
2025-06-25 02:44:15,828 - INFO - Loop principal...
2025-06-25 02:44:15,829 - INFO - Verificando notícias...
2025-06-25 02:44:20,882 - INFO - Esperando próximo ciclo...
2025-06-25 02:49:20,883 - INFO - Loop principal...
2025-06-25 02:53:53,839 - INFO - Verificando notícias...
2025-06-25 02:54:14,166 - INFO - Esperando próximo ciclo...
2025-06-25 02:59:14,168 - INFO - Loop principal...
2025-06-25 02:59:14,168 - INFO - Verificando notícias...
2025-06-25 02:59:27,250 - INFO - Esperando próximo ciclo...
2025-06-25 03:04:27,368 - INFO - Loop principal...
2025-06-25 03:04:27,819 - INFO - Verificando notícias...
2025-06-25 03:04:42,096 - INFO - Esperando próximo ciclo...
2025-06-25 03:09:42,647 - INFO - Loop principal...
2025-06-25 03:09:43,067 - INFO - Verificando notícias...
2025-06-25 03:09:56,230 - INFO - Esperando próximo ciclo...
2025-06-25 03:14:56,760 - INFO - Loop principal...
2025-06-25 03:14:57,172 - INFO - Verificando notícias...
2025-06-25 03:15:09,327 - INFO - Esperando próximo ciclo...
2025-06-25 03:20:09,844 - INFO - Loop principal...
2025-06-25 03:20:10,260 - INFO - Verificando notícias...
2025-06-25 03:20:21,802 - INFO - Esperando próximo ciclo...
2025-06-25 03:25:22,313 - INFO - Loop principal...
2025-06-25 03:25:22,727 - INFO - Verificando notícias...
2025-06-25 03:25:34,690 - INFO - Esperando próximo ciclo...
2025-06-25 03:30:35,212 - INFO - Loop principal...
2025-06-25 03:30:35,627 - INFO - Verificando notícias...
2025-06-25 03:30:47,120 - INFO - Esperando próximo ciclo...
2025-06-25 03:35:47,645 - INFO - Loop principal...
2025-06-25 03:35:48,098 - INFO - Verificando notícias...
2025-06-25 03:35:59,794 - INFO - Esperando próximo ciclo...
2025-06-25 03:41:00,315 - INFO - Loop principal...
2025-06-25 03:41:00,728 - INFO - Verificando notícias...
2025-06-25 03:41:12,655 - INFO - Esperando próximo ciclo...
2025-06-25 03:46:13,207 - INFO - Loop principal...
2025-06-25 03:46:13,623 - INFO - Verificando notícias...
2025-06-25 03:46:25,383 - INFO - Esperando próximo ciclo...
2025-06-25 03:51:25,900 - INFO - Loop principal...
2025-06-25 03:51:26,338 - INFO - Verificando notícias...
2025-06-25 03:51:37,653 - INFO - Esperando próximo ciclo...
2025-06-25 03:56:38,163 - INFO - Loop principal...
2025-06-25 03:56:38,578 - INFO - Verificando notícias...
2025-06-25 03:56:50,810 - INFO - Esperando próximo ciclo...
2025-06-25 04:01:51,351 - INFO - Loop principal...
2025-06-25 04:01:51,768 - INFO - Verificando notícias...
2025-06-25 04:02:03,137 - INFO - Esperando próximo ciclo...
2025-06-25 04:07:03,649 - INFO - Loop principal...
2025-06-25 04:07:04,059 - INFO - Verificando notícias...
2025-06-25 04:07:14,909 - INFO - Esperando próximo ciclo...
2025-06-25 04:12:15,447 - INFO - Loop principal...
2025-06-25 04:12:15,864 - INFO - Verificando notícias...
2025-06-25 04:12:27,573 - INFO - Esperando próximo ciclo...
2025-06-25 04:17:28,106 - INFO - Loop principal...
2025-06-25 04:17:28,519 - INFO - Verificando notícias...
2025-06-25 04:17:40,261 - INFO - Esperando próximo ciclo...
2025-06-25 04:22:40,816 - INFO - Loop principal...
2025-06-25 04:22:41,343 - INFO - Verificando notícias...
2025-06-25 04:22:52,272 - INFO - Esperando próximo ciclo...
2025-06-25 04:27:52,786 - INFO - Loop principal...
2025-06-25 04:27:53,202 - INFO - Verificando notícias...
2025-06-25 04:28:05,104 - INFO - Esperando próximo ciclo...
2025-06-25 04:33:05,618 - INFO - Loop principal...
2025-06-25 04:33:06,028 - INFO - Verificando notícias...
2025-06-25 04:33:16,901 - INFO - Esperando próximo ciclo...
2025-06-25 04:38:17,424 - INFO - Loop principal...
2025-06-25 04:38:17,875 - INFO - Verificando notícias...
2025-06-25 04:38:29,376 - INFO - Esperando próximo ciclo...
2025-06-25 04:43:29,891 - INFO - Loop principal...
2025-06-25 04:43:30,313 - INFO - Verificando notícias...
2025-06-25 04:43:46,525 - INFO - Esperando próximo ciclo...
2025-06-25 04:48:47,057 - INFO - Loop principal...
2025-06-25 04:48:47,472 - INFO - Verificando notícias...
2025-06-25 04:48:58,243 - INFO - Esperando próximo ciclo...
2025-06-25 04:53:58,807 - INFO - Loop principal...
2025-06-25 04:53:59,220 - INFO - Verificando notícias...
2025-06-25 04:54:09,723 - INFO - Esperando próximo ciclo...
2025-06-25 04:59:10,237 - INFO - Loop principal...
2025-06-25 04:59:10,711 - INFO - Verificando notícias...
2025-06-25 04:59:22,123 - INFO - Esperando próximo ciclo...
2025-06-25 05:04:22,674 - INFO - Loop principal...
2025-06-25 05:04:23,088 - INFO - Verificando notícias...
2025-06-25 05:04:33,760 - INFO - Esperando próximo ciclo...
2025-06-25 05:09:34,272 - INFO - Loop principal...
2025-06-25 05:09:34,694 - INFO - Verificando notícias...
2025-06-25 05:09:45,328 - INFO - Esperando próximo ciclo...
2025-06-25 05:14:45,842 - INFO - Loop principal...
2025-06-25 05:14:46,256 - INFO - Verificando notícias...
2025-06-25 05:14:57,470 - INFO - Esperando próximo ciclo...
2025-06-25 05:19:58,032 - INFO - Loop principal...
2025-06-25 05:19:58,444 - INFO - Verificando notícias...
2025-06-25 05:21:00,242 - INFO - Esperando próximo ciclo...
2025-06-25 05:26:01,212 - INFO - Loop principal...
2025-06-25 05:26:02,037 - INFO - Verificando notícias...
2025-06-25 05:26:15,951 - INFO - Esperando próximo ciclo...
2025-06-25 05:31:16,897 - INFO - Loop principal...
2025-06-25 05:31:17,724 - INFO - Verificando notícias...
2025-06-25 05:31:30,429 - INFO - Esperando próximo ciclo...
2025-06-25 05:36:31,359 - INFO - Loop principal...
2025-06-25 05:36:32,201 - INFO - Verificando notícias...
2025-06-25 05:36:44,563 - INFO - Esperando próximo ciclo...
2025-06-25 05:41:45,495 - INFO - Loop principal...
2025-06-25 05:41:46,414 - INFO - Verificando notícias...
2025-06-25 05:41:59,281 - INFO - Esperando próximo ciclo...
2025-06-25 05:47:00,227 - INFO - Loop principal...
2025-06-25 05:47:01,056 - INFO - Verificando notícias...
2025-06-25 05:47:13,074 - INFO - Esperando próximo ciclo...
2025-06-25 05:52:14,014 - INFO - Loop principal...
2025-06-25 05:52:14,848 - INFO - Verificando notícias...
2025-06-25 05:52:26,665 - INFO - Esperando próximo ciclo...
2025-06-25 05:57:27,606 - INFO - Loop principal...
2025-06-25 05:57:28,430 - INFO - Verificando notícias...
2025-06-25 05:57:41,289 - INFO - Esperando próximo ciclo...
2025-06-25 06:02:42,230 - INFO - Loop principal...
2025-06-25 06:02:43,075 - INFO - Verificando notícias...
2025-06-25 06:02:54,969 - INFO - Esperando próximo ciclo...
2025-06-25 06:07:55,902 - INFO - Loop principal...
2025-06-25 06:07:56,774 - INFO - Verificando notícias...
2025-06-25 06:08:08,809 - INFO - Esperando próximo ciclo...
2025-06-25 06:13:09,762 - INFO - Loop principal...
2025-06-25 06:13:10,617 - INFO - Verificando notícias...
2025-06-25 06:13:23,610 - INFO - Esperando próximo ciclo...
2025-06-25 06:18:24,714 - INFO - Loop principal...
2025-06-25 06:18:25,582 - INFO - Verificando notícias...
2025-06-25 06:18:36,985 - INFO - Esperando próximo ciclo...
2025-06-25 06:23:37,956 - INFO - Loop principal...
2025-06-25 06:23:38,776 - INFO - Verificando notícias...
2025-06-25 06:23:50,502 - INFO - Esperando próximo ciclo...
2025-06-25 06:28:51,461 - INFO - Loop principal...
2025-06-25 06:28:52,293 - INFO - Verificando notícias...
2025-06-25 06:29:04,405 - INFO - Esperando próximo ciclo...
2025-06-25 06:34:05,342 - INFO - Loop principal...
2025-06-25 06:34:06,167 - INFO - Verificando notícias...
2025-06-25 06:34:17,849 - INFO - Esperando próximo ciclo...
2025-06-25 06:39:18,795 - INFO - Loop principal...
2025-06-25 06:39:19,622 - INFO - Verificando notícias...
2025-06-25 06:39:30,946 - INFO - Esperando próximo ciclo...
2025-06-25 06:44:31,925 - INFO - Loop principal...
2025-06-25 06:44:32,759 - INFO - Verificando notícias...
2025-06-25 06:44:45,675 - INFO - Esperando próximo ciclo...
2025-06-25 06:49:46,603 - INFO - Loop principal...
2025-06-25 06:49:47,430 - INFO - Verificando notícias...
2025-06-25 06:49:59,150 - INFO - Esperando próximo ciclo...
2025-06-25 06:55:00,100 - INFO - Loop principal...
2025-06-25 06:55:00,934 - INFO - Verificando notícias...
2025-06-25 06:55:11,770 - INFO - Esperando próximo ciclo...
2025-06-25 07:00:12,715 - INFO - Loop principal...
2025-06-25 07:00:13,579 - INFO - Verificando notícias...
2025-06-25 07:00:25,259 - INFO - Esperando próximo ciclo...
2025-06-25 07:05:26,204 - INFO - Loop principal...
2025-06-25 07:05:27,057 - INFO - Verificando notícias...
2025-06-25 07:05:39,017 - INFO - Esperando próximo ciclo...
